[0.022s] Invoking command in '/home/gepopa/uav_ws/build/px4_msgs': CMAKE_PREFIX_PATH=${CMAKE_PREFIX_PATH}:/home/gepopa/ros2_px4_offboard_example_ws/install/px4_offboard:/opt/ros/humble /usr/bin/cmake --build /home/gepopa/uav_ws/build/px4_msgs -- -j12 -l12
[0.539s] [  0%] Built target px4_msgs__cpp
[0.579s] [  0%] Built target ament_cmake_python_copy_px4_msgs
[0.581s] [ 12%] Built target px4_msgs__rosidl_generator_c
[0.640s] [ 25%] Built target px4_msgs__rosidl_typesupport_c
[0.650s] [ 37%] Built target px4_msgs__rosidl_typesupport_cpp
[0.654s] [ 50%] Built target px4_msgs__rosidl_typesupport_introspection_cpp
[0.674s] [ 62%] Built target px4_msgs__rosidl_typesupport_fastrtps_cpp
[0.685s] [ 75%] Built target px4_msgs__rosidl_typesupport_introspection_c
[0.721s] [ 88%] Built target px4_msgs__rosidl_typesupport_fastrtps_c
[0.741s] [ 88%] Built target px4_msgs
[0.769s] [ 88%] Built target px4_msgs__py
[0.828s] running egg_info
[0.829s] writing px4_msgs.egg-info/PKG-INFO
[0.829s] writing dependency_links to px4_msgs.egg-info/dependency_links.txt
[0.829s] writing top-level names to px4_msgs.egg-info/top_level.txt
[0.834s] reading manifest file 'px4_msgs.egg-info/SOURCES.txt'
[0.837s] writing manifest file 'px4_msgs.egg-info/SOURCES.txt'
[0.861s] [100%] Built target px4_msgs__rosidl_generator_py
[0.861s] [100%] Built target ament_cmake_python_build_px4_msgs_egg
[0.885s] [100%] Built target px4_msgs__rosidl_typesupport_fastrtps_c__pyext
[0.885s] [100%] Built target px4_msgs__rosidl_typesupport_c__pyext
[0.886s] [100%] Built target px4_msgs__rosidl_typesupport_introspection_c__pyext
[0.899s] Invoked command in '/home/gepopa/uav_ws/build/px4_msgs' returned '0': CMAKE_PREFIX_PATH=${CMAKE_PREFIX_PATH}:/home/gepopa/ros2_px4_offboard_example_ws/install/px4_offboard:/opt/ros/humble /usr/bin/cmake --build /home/gepopa/uav_ws/build/px4_msgs -- -j12 -l12
[2.534s] Traceback (most recent call last):
  File "/usr/lib/python3/dist-packages/colcon_parallel_executor/executor/parallel.py", line 67, in execute
    loop.run_until_complete(future)
  File "/usr/lib/python3.10/asyncio/base_events.py", line 636, in run_until_complete
    self.run_forever()
  File "/usr/lib/python3.10/asyncio/base_events.py", line 603, in run_forever
    self._run_once()
  File "/usr/lib/python3.10/asyncio/base_events.py", line 1871, in _run_once
    event_list = self._selector.select(timeout)
  File "/usr/lib/python3.10/selectors.py", line 469, in select
    fd_event_list = self._selector.poll(timeout, max_ev)
KeyboardInterrupt

During handling of the above exception, another exception occurred:

Traceback (most recent call last):
  File "/usr/lib/python3/dist-packages/colcon_core/executor/__init__.py", line 91, in __call__
    rc = await self.task(*args, **kwargs)
  File "/usr/lib/python3/dist-packages/colcon_core/task/__init__.py", line 93, in __call__
    return await task_method(*args, **kwargs)
  File "/usr/lib/python3/dist-packages/colcon_ros/task/ament_cmake/build.py", line 59, in build
    rc = await extension.build(
  File "/usr/lib/python3/dist-packages/colcon_cmake/task/cmake/build.py", line 110, in build
    if await has_target(args.build_base, 'install'):
  File "/usr/lib/python3/dist-packages/colcon_cmake/task/cmake/__init__.py", line 57, in has_target
    return target in await get_makefile_targets(path)
  File "/usr/lib/python3/dist-packages/colcon_cmake/task/cmake/__init__.py", line 77, in get_makefile_targets
    output = await check_output([
  File "/usr/lib/python3/dist-packages/colcon_core/subprocess.py", line 128, in check_output
    assert not rc, f'Expected {args} to pass: {stderr_data}'
AssertionError: Expected ['/usr/bin/cmake', '--build', '/home/gepopa/uav_ws/build/px4_msgs', '--target', 'help'] to pass: gmake: *** [Makefile:38498: help] Interrupt

